This is pdfTeX, Version 3.14159265-2.6-1.40.17 (MiKTeX 2.9 64-bit) (preloaded format=pdflatex 2016.10.30)  5 DEC 2016 09:17
entering extended mode
**./FinalA.tex
(FinalA.tex
LaTeX2e <2016/03/31> patch level 3
Babel <3.9r> and hyphenation patterns for 75 language(s) loaded.
("C:\Program Files\MiKTeX 2.9\tex\latex\base\article.cls"
Document Class: article 2014/09/29 v1.4h Standard LaTeX document class
("C:\Program Files\MiKTeX 2.9\tex\latex\base\size10.clo"
File: size10.clo 2014/09/29 v1.4h Standard LaTeX file (size option)
)
\c@part=\count79
\c@section=\count80
\c@subsection=\count81
\c@subsubsection=\count82
\c@paragraph=\count83
\c@subparagraph=\count84
\c@figure=\count85
\c@table=\count86
\abovecaptionskip=\skip41
\belowcaptionskip=\skip42
\bibindent=\dimen102
)
("C:\Program Files\MiKTeX 2.9\tex\latex\fancyhdr\fancyhdr.sty"
Package: fancyhdr 2016/09/06 3.8 Extensive control of page headers and footers
\fancy@headwidth=\skip43
\f@ncyO@elh=\skip44
\f@ncyO@erh=\skip45
\f@ncyO@olh=\skip46
\f@ncyO@orh=\skip47
\f@ncyO@elf=\skip48
\f@ncyO@erf=\skip49
\f@ncyO@olf=\skip50
\f@ncyO@orf=\skip51
)
("C:\Program Files\MiKTeX 2.9\tex\latex\lastpage\lastpage.sty"
Package: lastpage 2015/03/29 v1.2m Refers to last page's name (HMM; JPG)
)
("C:\Program Files\MiKTeX 2.9\tex\latex\fancyhdr\extramarks.sty"
Package: extramarks 2016/08/27 2.1 Extra marks
\@temptokenb=\toks14
)
("C:\Program Files\MiKTeX 2.9\tex\latex\graphics\color.sty"
Package: color 2016/07/10 v1.1e Standard LaTeX Color (DPC)

("C:\Program Files\MiKTeX 2.9\tex\latex\00miktex\color.cfg"
File: color.cfg 2016/01/02 v1.6 sample color configuration
)
Package color Info: Driver file: pdftex.def on input line 147.

("C:\Program Files\MiKTeX 2.9\tex\latex\graphics-def\pdftex.def"
File: pdftex.def 2016/07/10 v0.06j Graphics/color for pdfTeX

("C:\Program Files\MiKTeX 2.9\tex\generic\oberdiek\infwarerr.sty"
Package: infwarerr 2016/05/16 v1.4 Providing info/warning/error messages (HO)
)
("C:\Program Files\MiKTeX 2.9\tex\generic\oberdiek\ltxcmds.sty"
Package: ltxcmds 2016/05/16 v1.23 LaTeX kernel commands for general use (HO)
)
\Gread@gobject=\count87
)
("C:\Program Files\MiKTeX 2.9\tex\latex\graphics\dvipsnam.def"
File: dvipsnam.def 2016/06/17 v3.0m Driver-dependent file (DPC,SPQR)
))
("C:\Program Files\MiKTeX 2.9\tex\latex\graphics\graphicx.sty"
Package: graphicx 2014/10/28 v1.0g Enhanced LaTeX Graphics (DPC,SPQR)

("C:\Program Files\MiKTeX 2.9\tex\latex\graphics\keyval.sty"
Package: keyval 2014/10/28 v1.15 key=value parser (DPC)
\KV@toks@=\toks15
)
("C:\Program Files\MiKTeX 2.9\tex\latex\graphics\graphics.sty"
Package: graphics 2016/07/10 v1.0t Standard LaTeX Graphics (DPC,SPQR)

("C:\Program Files\MiKTeX 2.9\tex\latex\graphics\trig.sty"
Package: trig 2016/01/03 v1.10 sin cos tan (DPC)
)
("C:\Program Files\MiKTeX 2.9\tex\latex\00miktex\graphics.cfg"
File: graphics.cfg 2016/06/04 v1.11 sample graphics configuration
)
Package graphics Info: Driver file: pdftex.def on input line 99.
)
\Gin@req@height=\dimen103
\Gin@req@width=\dimen104
)
("C:\Program Files\MiKTeX 2.9\tex\latex\listings\listings.sty"
\lst@mode=\count88
\lst@gtempboxa=\box26
\lst@token=\toks16
\lst@length=\count89
\lst@currlwidth=\dimen105
\lst@column=\count90
\lst@pos=\count91
\lst@lostspace=\dimen106
\lst@width=\dimen107
\lst@newlines=\count92
\lst@lineno=\count93
\lst@maxwidth=\dimen108

("C:\Program Files\MiKTeX 2.9\tex\latex\listings\lstmisc.sty"
File: lstmisc.sty 2015/06/04 1.6 (Carsten Heinz)
\c@lstnumber=\count94
\lst@skipnumbers=\count95
\lst@framebox=\box27
)
("C:\Program Files\MiKTeX 2.9\tex\latex\listings\listings.cfg"
File: listings.cfg 2015/06/04 1.6 listings configuration
))
Package: listings 2015/06/04 1.6 (Carsten Heinz)

("C:\Program Files\MiKTeX 2.9\tex\latex\psnfss\courier.sty"
Package: courier 2005/04/12 PSNFSS-v9.2a (WaS) 
)
("C:\Program Files\MiKTeX 2.9\tex\latex\lipsum\lipsum.sty"
Package: lipsum 2014/07/27 v1.3 150 paragraphs of Lorem Ipsum dummy text
\c@lips@count=\count96
)
("C:\Program Files\MiKTeX 2.9\tex\latex\listings\lstlang1.sty"
File: lstlang1.sty 2015/06/04 1.6 listings language file
)
("C:\Program Files\MiKTeX 2.9\tex\latex\listings\lstlang1.sty"
File: lstlang1.sty 2015/06/04 1.6 listings language file
)
\c@homeworkProblemCounter=\count97

(C:\Users\Michael\Desktop\FA\build\FinalA.aux)
\openout1 = `FinalA.aux'.

LaTeX Font Info:    Checking defaults for OML/cmm/m/it on input line 172.
LaTeX Font Info:    ... okay on input line 172.
LaTeX Font Info:    Checking defaults for T1/cmr/m/n on input line 172.
LaTeX Font Info:    ... okay on input line 172.
LaTeX Font Info:    Checking defaults for OT1/cmr/m/n on input line 172.
LaTeX Font Info:    ... okay on input line 172.
LaTeX Font Info:    Checking defaults for OMS/cmsy/m/n on input line 172.
LaTeX Font Info:    ... okay on input line 172.
LaTeX Font Info:    Checking defaults for OMX/cmex/m/n on input line 172.
LaTeX Font Info:    ... okay on input line 172.
LaTeX Font Info:    Checking defaults for U/cmr/m/n on input line 172.
LaTeX Font Info:    ... okay on input line 172.
Package lastpage Info: Please have a look at the pageslts package at
(lastpage)             https://www.ctan.org/pkg/pageslts
(lastpage)             ! on input line 172.

("C:\Program Files\MiKTeX 2.9\tex\context\base\supp-pdf.mkii"
[Loading MPS to PDF converter (version 2006.09.02).]
\scratchcounter=\count98
\scratchdimen=\dimen109
\scratchbox=\box28
\nofMPsegments=\count99
\nofMParguments=\count100
\everyMPshowfont=\toks17
\MPscratchCnt=\count101
\MPscratchDim=\dimen110
\MPnumerator=\count102
\makeMPintoPDFobject=\count103
\everyMPtoPDFconversion=\toks18
) ("C:\Program Files\MiKTeX 2.9\tex\generic\oberdiek\pdftexcmds.sty"
Package: pdftexcmds 2016/05/21 v0.22 Utility functions of pdfTeX for LuaTeX (HO
)

("C:\Program Files\MiKTeX 2.9\tex\generic\oberdiek\ifluatex.sty"
Package: ifluatex 2016/05/16 v1.4 Provides the ifluatex switch (HO)
Package ifluatex Info: LuaTeX not detected.
)
("C:\Program Files\MiKTeX 2.9\tex\generic\oberdiek\ifpdf.sty"
Package: ifpdf 2016/05/14 v3.1 Provides the ifpdf switch
)
Package pdftexcmds Info: LuaTeX not detected.
Package pdftexcmds Info: \pdf@primitive is available.
Package pdftexcmds Info: \pdf@ifprimitive is available.
Package pdftexcmds Info: \pdfdraftmode found.
)
("C:\Program Files\MiKTeX 2.9\tex\latex\oberdiek\epstopdf-base.sty"
Package: epstopdf-base 2016/05/15 v2.6 Base part for package epstopdf

("C:\Program Files\MiKTeX 2.9\tex\latex\oberdiek\grfext.sty"
Package: grfext 2016/05/16 v1.2 Manage graphics extensions (HO)

("C:\Program Files\MiKTeX 2.9\tex\generic\oberdiek\kvdefinekeys.sty"
Package: kvdefinekeys 2016/05/16 v1.4 Define keys (HO)
))
("C:\Program Files\MiKTeX 2.9\tex\latex\oberdiek\kvoptions.sty"
Package: kvoptions 2016/05/16 v3.12 Key value format for package options (HO)

("C:\Program Files\MiKTeX 2.9\tex\generic\oberdiek\kvsetkeys.sty"
Package: kvsetkeys 2016/05/16 v1.17 Key value parser (HO)

("C:\Program Files\MiKTeX 2.9\tex\generic\oberdiek\etexcmds.sty"
Package: etexcmds 2016/05/16 v1.6 Avoid name clashes with e-TeX commands (HO)
Package etexcmds Info: Could not find \expanded.
(etexcmds)             That can mean that you are not using pdfTeX 1.50 or
(etexcmds)             that some package has redefined \expanded.
(etexcmds)             In the latter case, load this package earlier.
)))
Package epstopdf-base Info: Redefining graphics rule for `.eps' on input line 4
38.
Package grfext Info: Graphics extension search list:
(grfext)             [.png,.pdf,.jpg,.mps,.jpeg,.jbig2,.jb2,.PNG,.PDF,.JPG,.JPE
G,.JBIG2,.JB2,.eps]
(grfext)             \AppendGraphicsExtensions on input line 456.
)
\c@lstlisting=\count104
LaTeX Font Info:    External font `cmex10' loaded for size
(Font)              <12> on input line 174.
LaTeX Font Info:    External font `cmex10' loaded for size
(Font)              <8> on input line 174.
LaTeX Font Info:    External font `cmex10' loaded for size
(Font)              <6> on input line 174.
 [1

{C:/ProgramData/MiKTeX/2.9/pdftex/config/pdftex.map}]
(C:\Users\Michael\Desktop\FA\build\FinalA.toc)
\tf@toc=\write3
\openout3 = `FinalA.toc'.

 [2]
LaTeX Font Info:    External font `cmex10' loaded for size
(Font)              <7> on input line 195.
LaTeX Font Info:    External font `cmex10' loaded for size
(Font)              <5> on input line 195.
LaTeX Font Info:    Try loading font information for OT1+pcr on input line 203.


("C:\Program Files\MiKTeX 2.9\tex\latex\psnfss\ot1pcr.fd"
File: ot1pcr.fd 2001/06/04 font definitions for OT1/pcr.
) (EigPow.f95
LaTeX Font Info:    Try loading font information for T1+pcr on input line 11.

("C:\Program Files\MiKTeX 2.9\tex\latex\psnfss\t1pcr.fd"
File: t1pcr.fd 2001/06/04 font definitions for T1/pcr.
) [3] [4]
Overfull \hbox (138.45097pt too wide) in paragraph at lines 80--81
[][][][][][][][][][][][][][][][][][][][][][][][][][][][][][][][][][][][][][][][
][][][][][][][][][][][][][][][][][][][][][][][][][][][][][][][][][][][][][][][]
[][][][][][][][][][][][][][][][][][][][][][][][][][][][][][][][][][][][][][][][
][][][][][][][][][][][][][][] 
 []


Overfull \hbox (122.25081pt too wide) in paragraph at lines 81--82
[][][][][][][][][][][][][][][][][][][][][][][][][][][][][][][][][][][][][][][][
][][][][][][][][][][][][][][][][][][][][][][][][][][][][][][][][][][][][][][][]
[][][][][][][][][][][][][][][][][][][][][][][][][][][][][][][][][][][][][][][][
][][][][][][][][][][][][][][][][][][][][][] 
 []

LaTeX Font Info:    External font `cmex10' loaded for size
(Font)              <9> on input line 101.

Overfull \hbox (79.05037pt too wide) in paragraph at lines 127--128
[][][][][][][][][][][][][][][][][][][][][][][][][][][][][][][][][][][][][][][][
][][][][][][][][][][][][][][][][][][][] 
 []

[5]
Overfull \hbox (35.84993pt too wide) in paragraph at lines 170--171
[][][][][][][][][][][][][][][][][][][][][][][][][][][][][][][][][][][][][][][][
][][][][][][][][][][][][][][][][][][][][][][][][][][][][][][][][][][][][][][][]
[][][][][][][][][][][][][][][][][][][][][][][][][][][][][][][][][] 
 []

[6] [7]
Overfull \hbox (122.25081pt too wide) in paragraph at lines 243--244
[][][][][][][][][][][][][][][][][][][][][][][][][][][][][][][][][][][][][][][][
][][][][][][][][][][][][][][][][][][][][][][][][][][][][][][][][][][][][][][][]
[][][][][][][][][][][][][][][][][][][][][][][][] 
 []

[8]) [9] [10

] (EigPow2.f95 [11]
Overfull \hbox (3.4496pt too wide) in paragraph at lines 69--70
[][][][][][][][][][][][][][][][][][][][][][][][][][][][][][][][][][][][][][][][
][][] 
 []

[12] [13]) [14]
Overfull \hbox (4.24501pt too wide) in paragraph at lines 389--389
[]\OT1/pcr/m/n/10 %multiply the two. Then redefine x (the initial vector) as x=
result/max(result)[] 
 []


Overfull \hbox (4.24501pt too wide) in paragraph at lines 389--389
[]\OT1/pcr/m/n/10 %find the least eigen value. Since y^t = Ax^t then there is a
 similar vector in[] 
 []


Overfull \hbox (112.24501pt too wide) in paragraph at lines 389--389
[]\OT1/pcr/m/n/10 %terms of 'x' that is the smallest egien value which is equal
 to (A-(largest egien value)*I)*y^t.[] 
 []

[15] [16] [17] [18] [19] 
AED: lastpage setting LastPage
[20] (C:\Users\Michael\Desktop\FA\build\FinalA.aux) ) 
Here is how much of TeX's memory you used:
 3817 strings out of 493334
 53789 string characters out of 3139245
 272611 words of memory out of 3000000
 7288 multiletter control sequences out of 15000+200000
 11536 words of font info for 40 fonts, out of 3000000 for 9000
 1141 hyphenation exceptions out of 8191
 40i,12n,49p,408b,1940s stack positions out of 5000i,500n,10000p,200000b,50000s
{C:/Program Files/MiKTeX 2
.9/fonts/enc/dvips/fontname/8r.enc}<C:/Program Files/MiKTeX 2.9/fonts/type1/pub
lic/amsfonts/cm/cmbx10.pfb><C:/Program Files/MiKTeX 2.9/fonts/type1/public/amsf
onts/cm/cmbx12.pfb><C:/Program Files/MiKTeX 2.9/fonts/type1/public/amsfonts/cm/
cmbx9.pfb><C:/Program Files/MiKTeX 2.9/fonts/type1/public/amsfonts/cm/cmmi10.pf
b><C:/Program Files/MiKTeX 2.9/fonts/type1/public/amsfonts/cm/cmmi7.pfb><C:/Pro
gram Files/MiKTeX 2.9/fonts/type1/public/amsfonts/cm/cmr10.pfb><C:/Program File
s/MiKTeX 2.9/fonts/type1/public/amsfonts/cm/cmr5.pfb><C:/Program Files/MiKTeX 2
.9/fonts/type1/public/amsfonts/cm/cmr7.pfb><C:/Program Files/MiKTeX 2.9/fonts/t
ype1/public/amsfonts/cm/cmr9.pfb><C:/Program Files/MiKTeX 2.9/fonts/type1/publi
c/amsfonts/cm/cmsy10.pfb><C:/Program Files/MiKTeX 2.9/fonts/type1/public/amsfon
ts/cm/cmsy7.pfb><C:/Program Files/MiKTeX 2.9/fonts/type1/public/amsfonts/cm/cmt
i12.pfb><C:/Program Files/MiKTeX 2.9/fonts/type1/urw/courier/ucrr8a.pfb><C:/Pro
gram Files/MiKTeX 2.9/fonts/type1/urw/courier/ucrro8a.pfb>
Output written on C:/Users/Michael/Desktop/FA/build/FinalA.pdf (20 pages, 21936
2 bytes).
PDF statistics:
 124 PDF objects out of 1000 (max. 8388607)
 0 named destinations out of 1000 (max. 500000)
 1 words of extra memory for PDF output out of 10000 (max. 10000000)

